TN:
SF:/home/valera/projects/tpatterns/obj/src/t_output.c
FN:4,t_printf_pattern
FN:11,t_output_patterns
FN:109,t_output_report_info
FN:185,t_output_print_iteration
FN:194,t_output_print_found_patterns
FN:205,t_output_print_deleted
FN:226,t_output_best_patterns_on_step
FNDA:70606,t_printf_pattern
FNDA:164,t_output_patterns
FNDA:1,t_output_report_info
FNDA:9,t_output_print_iteration
FNDA:9,t_output_print_found_patterns
FNDA:73,t_output_print_deleted
FNDA:9,t_output_best_patterns_on_step
FNF:7
FNH:7
BRDA:7,1,0,268092
BRDA:7,1,1,70606
BRDA:31,1,0,1646
BRDA:31,1,1,22
BRDA:31,2,2,1504
BRDA:31,2,3,142
BRDA:33,2,0,5555
BRDA:33,2,1,1504
BRDA:43,0,0,4051
BRDA:43,0,1,1504
BRDA:62,0,0,11586
BRDA:62,0,1,1504
BRDA:78,1,0,14104
BRDA:78,1,1,1504
BRDA:86,0,0,5555
BRDA:86,0,1,8549
BRDA:117,0,0,1
BRDA:117,0,1,0
BRDA:117,0,2,0
BRDA:117,0,3,0
BRDA:153,0,0,0
BRDA:153,0,1,1
BRDA:160,0,0,-
BRDA:160,0,1,-
BRF:24
BRH:18
DA:4,70606
DA:7,338698
DA:8,268092
DA:9,70606
DA:11,164
DA:26,164
DA:31,1668
DA:33,7059
DA:40,5555
DA:43,5555
DA:50,4051
DA:59,1504
DA:62,13090
DA:69,11586
DA:76,1504
DA:78,15608
DA:86,14104
DA:87,5555
DA:89,8549
DA:103,1504
DA:105,1504
DA:107,164
DA:109,1
DA:115,1
DA:117,1
DA:123,1
DA:125,1
DA:130,0
DA:132,0
DA:137,0
DA:145,1
DA:151,1
DA:153,1
DA:158,0
DA:160,0
DA:165,0
DA:174,1
DA:181,1
DA:183,1
DA:185,9
DA:190,9
DA:192,9
DA:194,9
DA:199,9
DA:201,9
DA:203,9
DA:205,73
DA:210,73
DA:212,73
DA:216,73
DA:218,73
DA:222,73
DA:224,73
DA:226,9
DA:266,9
DA:270,9
DA:275,9
LF:57
LH:51
end_of_record
TN:
SF:/home/valera/projects/tpatterns/obj/src/t_time_sequence.c
FN:4,t_add_event_type
FN:33,t_index_of
FN:43,t_add_event_ent
FN:62,t_read_structs_from_file
FN:129,t_choose_significance_levels
FNDA:385,t_add_event_type
FNDA:770,t_index_of
FNDA:385,t_add_event_ent
FNDA:1,t_read_structs_from_file
FNDA:5230392,t_choose_significance_levels
FNF:5
FNH:5
BRDA:8,0,1,373
BRDA:8,0,2,12
BRDA:10,0,0,1
BRDA:10,0,1,11
BRDA:19,0,0,1
BRDA:19,0,1,11
BRDA:24,2,0,10
BRDA:24,2,1,1
BRDA:36,2,0,5430
BRDA:36,2,1,12
BRDA:38,0,0,758
BRDA:38,0,1,4672
BRDA:49,0,0,12
BRDA:49,0,1,373
BRDA:54,0,0,32
BRDA:54,0,1,353
BRDA:72,0,1,0
BRDA:72,0,2,1
BRDA:84,0,1,386
BRDA:84,0,2,0
BRDA:88,0,0,1
BRDA:88,0,1,385
BRDA:100,1,0,12
BRDA:100,1,1,1
BRDA:112,1,0,385
BRDA:112,1,1,12
BRDA:117,0,0,0
BRDA:117,0,1,1
BRDA:134,0,0,0
BRDA:134,0,1,5230392
BRDA:136,2,0,-
BRDA:136,2,1,-
BRDA:136,3,2,-
BRDA:136,3,3,-
BRF:34
BRH:26
DA:4,385
DA:8,385
DA:9,12
DA:10,12
DA:12,1
DA:13,1
DA:14,1
DA:15,1
DA:16,1
DA:17,1
DA:19,12
DA:21,1
DA:22,1
DA:23,1
DA:24,11
DA:25,1
DA:26,1
DA:28,12
DA:29,12
DA:30,385
DA:33,770
DA:36,5442
DA:38,5430
DA:40,770
DA:43,385
DA:46,385
DA:47,385
DA:49,385
DA:51,12
DA:52,12
DA:54,385
DA:56,32
DA:57,32
DA:59,385
DA:60,385
DA:62,1
DA:65,1
DA:69,1
DA:70,1
DA:72,1
DA:74,0
DA:78,1
DA:79,1
DA:81,1
DA:82,1
DA:84,386
DA:86,386
DA:87,386
DA:88,386
DA:90,1
DA:91,1
DA:94,385
DA:95,385
DA:97,1
DA:100,13
DA:102,12
DA:103,12
DA:104,12
DA:105,12
DA:107,12
DA:108,12
DA:110,12
DA:111,12
DA:112,397
DA:114,385
DA:117,1
DA:119,0
DA:120,0
DA:123,1
DA:129,5230392
DA:132,5230392
DA:133,5230392
DA:134,5230392
DA:136,0
DA:138,0
DA:139,0
DA:142,5230392
LF:77
LH:71
end_of_record
TN:
SF:/home/valera/projects/tpatterns/obj/src/main.c
FN:8,print_usage
FN:14,read_alpha_N
FN:37,main
FNDA:0,print_usage
FNDA:0,read_alpha_N
FNDA:1,main
FNF:3
FNH:1
BRDA:18,1,0,-
BRDA:18,1,1,-
BRDA:20,0,1,-
BRDA:20,0,2,-
BRDA:23,1,1,-
BRDA:23,1,2,-
BRDA:25,0,0,-
BRDA:25,0,1,-
BRDA:72,0,0,0
BRDA:72,0,1,1
BRDA:72,0,2,1
BRDA:72,0,3,0
BRDA:72,0,4,1
BRDA:72,0,5,1
BRDA:72,0,6,0
BRDA:72,0,7,1
BRDA:72,0,8,0
BRDA:72,0,9,0
BRDA:72,0,10,1
BRDA:90,0,1,0
BRDA:90,0,2,1
BRDA:101,0,0,0
BRDA:101,0,1,1
BRDA:102,0,0,1
BRDA:102,0,1,0
BRDA:103,0,0,-
BRDA:103,0,1,-
BRDA:111,0,1,-
BRDA:111,0,2,-
BRDA:124,0,0,5
BRDA:124,0,1,1
BRF:31
BRH:11
DA:8,0
DA:10,0
DA:11,0
DA:14,0
DA:16,0
DA:18,0
DA:20,0
DA:22,0
DA:23,0
DA:25,0
DA:26,0
DA:28,0
DA:29,0
DA:30,0
DA:33,0
DA:34,0
DA:37,1
DA:42,1
DA:44,1
DA:60,1
DA:61,1
DA:62,1
DA:63,1
DA:64,1
DA:65,1
DA:66,1
DA:67,1
DA:68,1
DA:71,6
DA:72,6
DA:75,0
DA:76,0
DA:78,1
DA:79,1
DA:81,1
DA:82,1
DA:84,0
DA:85,0
DA:87,1
DA:88,1
DA:90,1
DA:92,0
DA:93,0
DA:95,1
DA:97,0
DA:98,0
DA:99,0
DA:101,1
DA:102,1
DA:103,0
DA:106,0
DA:107,0
DA:109,1
DA:111,0
DA:113,0
DA:114,0
DA:116,0
DA:117,0
DA:119,0
DA:124,6
DA:130,1
DA:131,1
DA:132,1
DA:147,1
LF:64
LH:30
end_of_record
TN:
SF:/home/valera/projects/tpatterns/obj/src/t_helper.c
FN:4,fill_logfac_table
FN:27,log_fac
FN:36,C_iz_N_po_k
FN:52,norm_rnd
FN:57,fill_C_iz_N_po_k_table
FNDA:0,fill_logfac_table
FNDA:0,log_fac
FNDA:12969858,C_iz_N_po_k
FNDA:0,norm_rnd
FNDA:0,fill_C_iz_N_po_k_table
FNF:5
FNH:1
BRDA:8,0,0,-
BRDA:8,0,1,-
BRDA:16,2,0,-
BRDA:16,2,1,-
BRDA:19,2,0,-
BRDA:19,2,1,-
BRDA:31,2,0,-
BRDA:31,2,1,-
BRDA:40,2,0,24794917
BRDA:40,2,1,12969858
BRDA:40,3,2,0
BRDA:40,3,3,12969858
BRDA:42,0,0,24794917
BRDA:42,0,1,0
BRDA:42,1,2,24794917
BRDA:42,1,3,0
BRDA:44,0,0,-
BRDA:44,0,1,-
BRDA:44,1,2,-
BRDA:44,1,3,-
BRDA:46,0,0,-
BRDA:46,0,1,-
BRDA:46,1,2,-
BRDA:46,1,3,-
BRDA:63,0,0,-
BRDA:63,0,1,-
BRDA:69,2,0,-
BRDA:69,2,1,-
BRDA:71,1,0,-
BRDA:71,1,1,-
BRF:30
BRH:5
DA:4,0
DA:7,0
DA:8,0
DA:10,0
DA:11,0
DA:12,0
DA:14,0
DA:15,0
DA:16,0
DA:18,0
DA:19,0
DA:21,0
DA:24,0
DA:27,0
DA:29,0
DA:31,0
DA:32,0
DA:33,0
DA:36,12969858
DA:39,12969858
DA:40,37764775
DA:42,24794917
DA:43,24794917
DA:44,0
DA:45,0
DA:46,0
DA:47,0
DA:49,12969858
DA:52,0
DA:54,0
DA:57,0
DA:60,0
DA:61,0
DA:62,0
DA:63,0
DA:65,0
DA:66,0
DA:67,0
DA:69,0
DA:71,0
DA:73,0
DA:76,0
LF:42
LH:6
end_of_record
TN:
SF:/home/valera/projects/tpatterns/obj/src/t_pattern.c
FN:3,add_pattern
FN:19,delete_pattern
FN:32,conc_patterns
FN:38,t_is_subpattern
FN:65,t_calc_prior_probability
FN:138,t_construct_pattern
FN:190,t_is_equal_ds
FN:199,t_is_intersec
FN:209,contain_same_events
FN:218,t_is_equal_events
FN:231,t_construct_pair_pat_array
FN:268,t_detect_patterns
FNDA:222,add_pattern
FNDA:0,delete_pattern
FNDA:9,conc_patterns
FNDA:62764,t_is_subpattern
FNDA:5230392,t_calc_prior_probability
FNDA:210,t_construct_pattern
FNDA:16323,t_is_equal_ds
FNDA:687,t_is_intersec
FNDA:0,contain_same_events
FNDA:0,t_is_equal_events
FNDA:9,t_construct_pair_pat_array
FNDA:1,t_detect_patterns
FNF:12
FNH:9
BRDA:6,2,0,4553
BRDA:6,2,1,222
BRDA:23,2,0,-
BRDA:23,2,1,-
BRDA:25,0,0,-
BRDA:25,0,1,-
BRDA:34,2,0,1002
BRDA:34,2,1,9
BRDA:42,2,0,266771
BRDA:42,2,1,62077
BRDA:44,0,0,24450
BRDA:44,0,1,242321
BRDA:48,2,0,85308
BRDA:48,2,1,23763
BRDA:51,0,0,35614
BRDA:51,0,1,49694
BRDA:52,0,0,687
BRDA:52,0,1,84621
BRDA:58,0,0,687
BRDA:58,0,1,23763
BRDA:80,0,0,0
BRDA:80,0,1,5230392
BRDA:80,1,2,-
BRDA:80,1,3,-
BRDA:80,2,4,-
BRDA:80,2,5,-
BRDA:84,1,0,-
BRDA:84,1,1,-
BRDA:91,0,0,0
BRDA:91,0,1,5230392
BRDA:91,1,2,-
BRDA:91,1,3,-
BRDA:91,2,4,-
BRDA:91,2,5,-
BRDA:95,2,0,-
BRDA:95,2,1,-
BRDA:98,0,0,-
BRDA:98,0,1,-
BRDA:106,0,0,0
BRDA:106,0,1,5230392
BRDA:106,1,2,-
BRDA:106,1,3,-
BRDA:109,1,0,-
BRDA:109,1,1,-
BRDA:126,1,0,12969858
BRDA:126,1,1,5230392
BRDA:148,0,0,168
BRDA:148,0,1,42
BRDA:149,0,0,17
BRDA:149,0,1,193
BRDA:163,1,0,1400
BRDA:163,1,1,210
BRDA:165,0,0,782
BRDA:165,0,1,618
BRDA:172,2,0,250
BRDA:172,2,1,210
BRDA:174,0,0,21
BRDA:174,0,1,229
BRDA:183,2,0,1400
BRDA:183,2,1,210
BRDA:184,2,0,595
BRDA:184,2,1,210
BRDA:185,2,0,250
BRDA:185,2,1,210
BRDA:193,0,0,16323
BRDA:193,0,1,0
BRDA:194,2,0,-
BRDA:194,2,1,-
BRDA:195,0,0,-
BRDA:195,0,1,-
BRDA:195,1,2,-
BRDA:195,1,3,-
BRDA:202,2,0,1468
BRDA:202,2,1,73
BRDA:204,0,0,1099
BRDA:204,0,1,369
BRDA:204,1,2,245
BRDA:204,1,3,854
BRDA:212,2,0,-
BRDA:212,2,1,-
BRDA:213,2,0,-
BRDA:213,2,1,-
BRDA:214,0,0,-
BRDA:214,0,1,-
BRDA:221,0,0,-
BRDA:221,0,1,-
BRDA:222,2,0,-
BRDA:222,2,1,-
BRDA:223,0,0,-
BRDA:223,0,1,-
BRDA:225,2,0,-
BRDA:225,2,1,-
BRDA:226,0,0,-
BRDA:226,0,1,-
BRDA:239,2,0,1011
BRDA:239,2,1,9
BRDA:242,2,0,1011
BRDA:242,2,1,9
BRDA:244,2,0,133599
BRDA:244,2,1,1011
BRDA:248,0,0,111665
BRDA:248,0,1,21934
BRDA:248,1,2,98296
BRDA:248,1,3,13369
BRDA:249,0,0,0
BRDA:249,0,1,35303
BRDA:249,1,3,-
BRDA:249,1,4,-
BRDA:292,0,0,9
BRDA:292,0,1,1
BRDA:305,1,0,35303
BRDA:305,1,1,9
BRDA:320,0,0,0
BRDA:320,0,1,35303
BRDA:320,0,2,0
BRDA:320,0,3,0
BRDA:334,2,0,268982
BRDA:334,2,1,35303
BRDA:336,2,0,4245640
BRDA:336,2,1,268982
BRDA:338,0,0,1988329
BRDA:338,0,1,2257311
BRDA:340,2,0,16287067
BRDA:340,2,1,2257311
BRDA:342,0,0,5269263
BRDA:342,0,1,11017804
BRDA:346,0,0,38871
BRDA:346,0,1,5230392
BRDA:351,2,0,79043742
BRDA:351,2,1,5230392
BRDA:353,2,0,2086536962
BRDA:353,2,1,66073884
BRDA:355,0,0,1954036285
BRDA:355,0,1,132500677
BRDA:355,1,2,1329475760
BRDA:355,1,3,624560525
BRDA:356,0,0,71675069
BRDA:356,0,1,685386133
BRDA:356,1,2,12969858
BRDA:356,1,3,58705211
BRDA:371,0,0,526703
BRDA:371,0,1,4703689
BRDA:371,0,2,497
BRDA:371,0,3,526206
BRDA:374,0,0,241
BRDA:374,0,1,256
BRDA:374,1,2,241
BRDA:374,1,3,0
BRDA:374,2,4,117
BRDA:374,2,5,380
BRDA:374,3,6,117
BRDA:374,3,7,0
BRDA:374,4,8,277
BRDA:374,4,9,220
BRDA:374,5,10,277
BRDA:374,5,11,0
BRDA:380,0,0,67
BRDA:380,0,1,210
BRDA:403,0,0,210
BRDA:403,0,1,35093
BRDA:407,2,0,16323
BRDA:407,2,1,210
BRDA:409,0,1,0
BRDA:409,0,2,16323
BRDA:409,1,4,-
BRDA:409,1,5,-
BRDA:415,0,0,210
BRDA:415,0,1,0
BRDA:434,1,0,1011
BRDA:434,1,1,9
BRDA:443,0,0,1220
BRDA:443,0,1,9
BRDA:446,1,0,169686
BRDA:446,1,1,1148
BRDA:451,0,0,32638
BRDA:451,0,1,137048
BRDA:451,1,2,31418
BRDA:451,1,3,1220
BRDA:453,0,1,381
BRDA:453,0,2,31037
BRDA:453,1,4,72
BRDA:453,1,5,309
BRDA:453,2,6,72
BRDA:453,2,7,0
BRDA:468,0,1,306
BRDA:468,0,2,31040
BRDA:468,1,4,1
BRDA:468,1,5,305
BRDA:468,2,6,1
BRDA:468,2,7,0
BRDA:483,0,0,169613
BRDA:483,0,1,1
BRDA:489,0,0,1148
BRDA:489,0,1,72
BRF:194
BRH:131
DA:3,222
DA:6,4775
DA:7,222
DA:8,222
DA:9,222
DA:10,222
DA:11,222
DA:12,222
DA:13,222
DA:15,222
DA:16,222
DA:19,0
DA:23,0
DA:25,0
DA:26,0
DA:28,0
DA:29,0
DA:30,0
DA:32,9
DA:34,1011
DA:35,9
DA:36,9
DA:38,62764
DA:41,62764
DA:42,328848
DA:44,266771
DA:46,24450
DA:47,24450
DA:48,109071
DA:51,85308
DA:52,85308
DA:54,687
DA:55,687
DA:58,24450
DA:61,62764
DA:65,5230392
DA:74,5230392
DA:75,5230392
DA:76,5230392
DA:77,5230392
DA:78,5230392
DA:80,5230392
DA:81,0
DA:83,0
DA:84,0
DA:86,0
DA:87,0
DA:88,0
DA:91,5230392
DA:92,0
DA:94,0
DA:95,0
DA:97,0
DA:98,0
DA:99,0
DA:101,0
DA:102,0
DA:103,0
DA:106,5230392
DA:108,0
DA:109,0
DA:112,0
DA:113,0
DA:114,0
DA:115,0
DA:116,0
DA:118,0
DA:119,0
DA:124,5230392
DA:126,18200250
DA:128,12969858
DA:129,12969858
DA:130,12969858
DA:131,12969858
DA:132,12969858
DA:135,5230392
DA:138,210
DA:144,210
DA:145,210
DA:146,210
DA:147,210
DA:148,210
DA:149,210
DA:150,210
DA:151,210
DA:152,210
DA:153,210
DA:154,210
DA:155,210
DA:156,210
DA:157,210
DA:158,210
DA:159,210
DA:161,210
DA:162,210
DA:163,1610
DA:165,1400
DA:168,618
DA:169,618
DA:172,460
DA:174,250
DA:177,229
DA:178,229
DA:181,210
DA:182,210
DA:183,1610
DA:184,805
DA:185,460
DA:187,210
DA:188,210
DA:190,16323
DA:193,16323
DA:194,0
DA:195,0
DA:196,16323
DA:199,687
DA:202,1541
DA:204,1468
DA:206,687
DA:209,0
DA:212,0
DA:213,0
DA:214,0
DA:215,0
DA:218,0
DA:221,0
DA:222,0
DA:223,0
DA:225,0
DA:226,0
DA:228,0
DA:231,9
DA:238,9
DA:239,1020
DA:240,9
DA:241,9
DA:242,1020
DA:244,134610
DA:246,133599
DA:247,133599
DA:248,133599
DA:249,35303
DA:251,35303
DA:252,35303
DA:253,35303
DA:256,9
DA:257,9
DA:258,9
DA:259,9
DA:260,9
DA:261,9
DA:263,9
DA:264,9
DA:265,9
DA:268,1
DA:274,1
DA:276,1
DA:277,1
DA:278,1
DA:284,1
DA:286,1
DA:287,1
DA:289,1
DA:292,10
DA:294,9
DA:295,9
DA:297,9
DA:301,9
DA:303,9
DA:305,35312
DA:307,35303
DA:308,35303
DA:313,35303
DA:314,35303
DA:315,35303
DA:316,35303
DA:317,35303
DA:319,35303
DA:320,35303
DA:323,0
DA:324,0
DA:326,35303
DA:327,35303
DA:329,0
DA:330,0
DA:332,35303
DA:334,304285
DA:336,4514622
DA:338,4245640
DA:339,1988329
DA:340,18544378
DA:342,16287067
DA:344,5269263
DA:345,5269263
DA:346,5269263
DA:347,5230392
DA:348,5230392
DA:349,5230392
DA:351,84274134
DA:353,2152610846
DA:355,2086536962
DA:356,757061202
DA:358,12969858
DA:359,12969858
DA:360,12969858
DA:361,12969858
DA:366,5230392
DA:370,5230392
DA:371,5230392
DA:373,497
DA:374,497
DA:375,614
DA:376,774
DA:380,277
DA:382,67
DA:383,67
DA:385,277
DA:386,277
DA:387,277
DA:388,277
DA:389,277
DA:390,277
DA:391,277
DA:392,277
DA:393,277
DA:397,5230392
DA:403,35303
DA:406,210
DA:407,16533
DA:409,16323
DA:411,0
DA:412,0
DA:415,210
DA:419,210
DA:420,210
DA:423,210
DA:428,9
DA:429,9
DA:430,9
DA:432,9
DA:434,1020
DA:435,1011
DA:437,9
DA:440,9
DA:443,1229
DA:445,1220
DA:446,170834
DA:448,169686
DA:449,169686
DA:450,169686
DA:451,169686
DA:453,31418
DA:454,72
DA:457,72
DA:459,72
DA:460,72
DA:461,72
DA:462,72
DA:463,72
DA:464,72
DA:465,72
DA:466,72
DA:468,31346
DA:469,1
DA:472,1
DA:474,1
DA:475,1
DA:476,1
DA:477,1
DA:478,1
DA:479,1
DA:480,1
DA:483,169614
DA:485,169613
DA:486,169613
DA:489,1220
DA:491,1148
DA:492,1148
DA:495,9
DA:496,9
DA:497,9
DA:500,1
DA:501,1
LF:283
LH:232
end_of_record
